-------------------------------------------------------------------------------
Test set: com.example.landingpage.demo.DemoApplicationTests
-------------------------------------------------------------------------------
Tests run: 1, Failures: 0, Errors: 1, Skipped: 0, Time elapsed: 7.368 s <<< FAILURE! - in com.example.landingpage.demo.DemoApplicationTests
contextLoads  Time elapsed: 0.009 s  <<< ERROR!
java.lang.IllegalStateException: Failed to load ApplicationContext
Caused by: org.springframework.beans.factory.BeanCreationException: Error creating bean with name 'entityManagerFactory' defined in class path resource [org/springframework/boot/autoconfigure/orm/jpa/HibernateJpaConfiguration.class]: Invocation of init method failed; nested exception is javax.persistence.PersistenceException: [PersistenceUnit: default] Unable to build Hibernate SessionFactory; nested exception is org.hibernate.exception.JDBCConnectionException: Unable to open JDBC Connection for DDL execution
Caused by: javax.persistence.PersistenceException: [PersistenceUnit: default] Unable to build Hibernate SessionFactory; nested exception is org.hibernate.exception.JDBCConnectionException: Unable to open JDBC Connection for DDL execution
Caused by: org.hibernate.exception.JDBCConnectionException: Unable to open JDBC Connection for DDL execution
Caused by: java.sql.SQLRecoverableException: IO Error: NL Exception was generated TNS-04605: Invalid syntax error: Unexpected char or LITERAL "spring.datasource.url" before or at  spring.datasource.url = jdbc:oracle:thin:@ (CONNECTION_ID=7BdMvnbOTRaPJMHb/FeF1w==)
Caused by: oracle.net.ns.NetException: NL Exception was generated TNS-04605: Invalid syntax error: Unexpected char or LITERAL "spring.datasource.url" before or at  spring.datasource.url = jdbc:oracle:thin:@ (CONNECTION_ID=7BdMvnbOTRaPJMHb/FeF1w==)

